Arguments: 
  /home/dchikano/.nvm/versions/node/v8.16.1/bin/node /c/Program Files (x86)/Yarn/bin/yarn.js

PATH: 
  /home/dchikano/bin:/home/dchikano/.local/bin:/home/dchikano/.nvm/versions/node/v8.16.1/bin:/usr/local/sbin:/usr/local/bin:/usr/sbin:/usr/bin:/sbin:/bin:/usr/games:/usr/local/games:/c/ProgramData/DockerDesktop/version-bin:/c/Program Files/Docker/Docker/Resources/bin:/c/Python27/:/c/Python27/Scripts:/c/Python37/Scripts/:/c/Python37/:/c/tools/mingw64/bin:/c/Program Files (x86)/Microsoft SDKs/Azure/CLI2/wbin:/c/Program Files (x86)/Common Files/Oracle/Java/javapath:/c/ProgramData/Oracle/Java/javapath:/c/WINDOWS/system32:/c/WINDOWS:/c/WINDOWS/System32/Wbem:/c/WINDOWS/System32/WindowsPowerShell/v1.0/:/c/Program Files/TortoiseSVN/bin:/c/Program Files (x86)/WebEx/Productivity Tools:/c/ProgramData/chocolatey/bin:/c/Program Files/nodejs/:/c/Program Files (x86)/Yarn/bin/:/c/Program Files/Java/jdk1.8.0_181/bin:/c/mingw64/bin:/c/Program Files/Git/cmd:/c/Program Files (x86)/Sennheiser/SoftphoneSDK/:/c/WINDOWS/System32/OpenSSH/:/c/Go/bin:/c/Program Files (x86)/Intel/Intel(R) Management Engine Components/DAL:/c/Program Files/Intel/Intel(R) Management Engine Components/DAL:/c/Program Files/Intel/WiFi/bin/:/c/Program Files/Common Files/Intel/WirelessCommon/:/c/Program Files/Git/bin:/c/Users/dchikano/AppData/Local/Microsoft/WindowsApps:/c/Users/dchikano/AppData/Roaming/npm:/c/Users/dchikano/AppData/Local/Yarn/bin:/c/tools/mingw64/bin:/c/Exercism:/c/mingw64/bin:/c/Program Files (x86)/SDCC/bin:/c/Users/dchikano/calc_sdk1.1-master/calc_sdk1.1-master/UTILS:/c/ProgramData/chocolatey/lib/msys2:/c/tools/msys64:/c/Users/dchikano/go/bin:/c/Users/dchikano/AppData/Local/hyper/app-3.0.2/resources/bin:/c/Program Files/Intel/WiFi/bin/:/c/Program Files/Common Files/Intel/WirelessCommon/:/snap/bin:/usr/local/go/bin:/c/gopath/bin:/c/Users/dchikano/Scripts

Yarn version: 
  1.9.4

Node version: 
  8.16.1

Platform: 
  linux x64

Trace: 
  Error: https://registry.yarnpkg.com/angular-chart.js: tunneling socket could not be established, cause=getaddrinfo ENOTFOUND spbsrv-proxy1.t-systems.ru spbsrv-proxy1.t-systems.ru:3128
      at ClientRequest.onError (/c/Program Files (x86)/Yarn/lib/cli.js:150248:17)
      at Object.onceWrapper (events.js:315:30)
      at emitOne (events.js:116:13)
      at ClientRequest.emit (events.js:211:7)
      at Socket.socketErrorListener (_http_client.js:401:9)
      at emitOne (events.js:116:13)
      at Socket.emit (events.js:211:7)
      at emitErrorNT (internal/streams/destroy.js:66:8)
      at _combinedTickCallback (internal/process/next_tick.js:139:11)
      at process._tickCallback (internal/process/next_tick.js:181:9)

npm manifest: 
  {
    "name": "EthereumExplorerV2",
    "private": false,
    "version": "0.1.0",
    "description": "A lightweight ethereum block explorer",
    "repository": "https://github.com/carsenk/explorer",
    "license": "GPL-3.0",
    "devDependencies": {
      "bower": "^1.3.1",
      "http-server": "^0.6.1",
      "jasmine-core": "^2.3.4",
      "karma": "~0.12",
      "karma-chrome-launcher": "^0.1.12",
      "karma-firefox-launcher": "^0.1.6",
      "karma-jasmine": "^0.3.5",
      "karma-junit-reporter": "^0.2.2",
      "protractor": "^2.1.0",
      "shelljs": "^0.2.6"
    },
    "scripts": {
      "postinstall": "node -e \"try { require('fs').symlinkSync(require('path').resolve('node_modules/@bower_components'), 'app/bower_components', 'junction') } catch (e) { }\"",
      "prestart": "npm install",
      "start": "http-server ./app -a localhost -p 8000 -c-1",
      "pretest": "npm install",
      "test": "karma start karma.conf.js",
      "test-single-run": "karma start karma.conf.js  --single-run",
      "preupdate-webdriver": "npm install",
      "update-webdriver": "webdriver-manager update",
      "preprotractor": "npm run update-webdriver",
      "protractor": "protractor e2e-tests/protractor.conf.js",
      "update-index-async": "node -e \"require('shelljs/global'); sed('-i', /\\/\\/@@NG_LOADER_START@@[\\s\\S]*\\/\\/@@NG_LOADER_END@@/, '//@@NG_LOADER_START@@\\n' + sed(/sourceMappingURL=angular-loader.min.js.map/,'sourceMappingURL=bower_components/angular-loader/angular-loader.min.js.map','app/bower_components/angular-loader/angular-loader.min.js') + '\\n//@@NG_LOADER_END@@', 'app/index-async.html');\""
    },
    "dependencies": {
      "angular-chart.js": "^1.0.0-alpha8",
      "chart.js": "^2.1.6",
      "crypto-socket": "^1.0.2",
      "@bower_components/Chart.js": "nnnick/Chart.js#^2.1.6",
      "@bower_components/angular": "angular/bower-angular#>=1.3.0",
      "@bower_components/angular-bootstrap": "angular-ui/bootstrap-bower#~0.13.3",
      "@bower_components/angular-bootstrap-simple-chat": "irontec/angular-bootstrap-simple-chat#^0.4.0",
      "@bower_components/angular-loader": "angular/bower-angular-loader#~1.4.0",
      "@bower_components/angular-mocks": "angular/bower-angular-mocks#~1.4.0",
      "@bower_components/angular-route": "angular/bower-angular-route#~1.4.0",
      "@bower_components/angular-sanitize": "angular/bower-angular-sanitize#~1.4.0",
      "@bower_components/bignumber.js": "MikeMcl/bignumber.js#>=2.0.0",
      "@bower_components/bootstrap": "twbs/bootstrap#~3.3.1",
      "@bower_components/crypto-js": "brix/crypto-js#~3.1.4",
      "@bower_components/html5-boilerplate": "h5bp/html5-boilerplate#~5.2.0",
      "@bower_components/jquery": "jquery/jquery-dist#1.9.1 - 2",
      "@bower_components/lodash": "lodash/lodash#2.4.x",
      "@bower_components/web3": "ethereum/ethereum.js#~0.20.0"
    },
    "engines": {
      "yarn": ">= 1.0.0"
    }
  }

yarn manifest: 
  No manifest

Lockfile: 
  No lockfile
